24-03-28.14:48:35.633 [redisson-netty-2-8] ERROR CommandDecoder         - Unable to decode data. channel: [id: 0xfa60d17c, L:/127.0.0.1:17584 - R:127.0.0.1/127.0.0.1:16379], reply: ReplayingDecoderByteBuf(ridx=163, widx=163), command: (GET), promise: java.util.concurrent.CompletableFuture@575ae3e6[Not completed, 1 dependents], params: [big_market_strategy_award_key_100002]
com.esotericsoftware.kryo.KryoException: Unable to find class: cn.bugstack.domain.strategy.model.entity.StrategyAwardEntity
	at com.esotericsoftware.kryo.util.DefaultClassResolver.readName(DefaultClassResolver.java:182)
	at com.esotericsoftware.kryo.util.DefaultClassResolver.readClass(DefaultClassResolver.java:151)
	at com.esotericsoftware.kryo.Kryo.readClass(Kryo.java:758)
	at com.esotericsoftware.kryo.serializers.CollectionSerializer.read(CollectionSerializer.java:222)
	at com.esotericsoftware.kryo.serializers.CollectionSerializer.read(CollectionSerializer.java:44)
	at com.esotericsoftware.kryo.Kryo.readClassAndObject(Kryo.java:880)
	at org.redisson.codec.Kryo5Codec$4.decode(Kryo5Codec.java:144)
	at org.redisson.client.handler.CommandDecoder.decode(CommandDecoder.java:394)
	at org.redisson.client.handler.CommandDecoder.decodeCommand(CommandDecoder.java:205)
	at org.redisson.client.handler.CommandDecoder.decode(CommandDecoder.java:144)
	at org.redisson.client.handler.CommandDecoder.decode(CommandDecoder.java:120)
	at io.netty.handler.codec.ByteToMessageDecoder.decodeRemovalReentryProtection(ByteToMessageDecoder.java:529)
	at io.netty.handler.codec.ReplayingDecoder.callDecode(ReplayingDecoder.java:366)
	at io.netty.handler.codec.ByteToMessageDecoder.channelRead(ByteToMessageDecoder.java:290)
	at io.netty.channel.AbstractChannelHandlerContext.invokeChannelRead(AbstractChannelHandlerContext.java:444)
	at io.netty.channel.AbstractChannelHandlerContext.invokeChannelRead(AbstractChannelHandlerContext.java:420)
	at io.netty.channel.AbstractChannelHandlerContext.fireChannelRead(AbstractChannelHandlerContext.java:412)
	at io.netty.channel.DefaultChannelPipeline$HeadContext.channelRead(DefaultChannelPipeline.java:1410)
	at io.netty.channel.AbstractChannelHandlerContext.invokeChannelRead(AbstractChannelHandlerContext.java:440)
	at io.netty.channel.AbstractChannelHandlerContext.invokeChannelRead(AbstractChannelHandlerContext.java:420)
	at io.netty.channel.DefaultChannelPipeline.fireChannelRead(DefaultChannelPipeline.java:919)
	at io.netty.channel.nio.AbstractNioByteChannel$NioByteUnsafe.read(AbstractNioByteChannel.java:166)
	at io.netty.channel.nio.NioEventLoop.processSelectedKey(NioEventLoop.java:788)
	at io.netty.channel.nio.NioEventLoop.processSelectedKeysOptimized(NioEventLoop.java:724)
	at io.netty.channel.nio.NioEventLoop.processSelectedKeys(NioEventLoop.java:650)
	at io.netty.channel.nio.NioEventLoop.run(NioEventLoop.java:562)
	at io.netty.util.concurrent.SingleThreadEventExecutor$4.run(SingleThreadEventExecutor.java:997)
	at io.netty.util.internal.ThreadExecutorMap$2.run(ThreadExecutorMap.java:74)
	at io.netty.util.concurrent.FastThreadLocalRunnable.run(FastThreadLocalRunnable.java:30)
	at java.lang.Thread.run(Thread.java:750)
Caused by: java.lang.ClassNotFoundException: cn.bugstack.domain.strategy.model.entity.StrategyAwardEntity
	at java.net.URLClassLoader.findClass(URLClassLoader.java:387)
	at java.lang.ClassLoader.loadClass(ClassLoader.java:418)
	at sun.misc.Launcher$AppClassLoader.loadClass(Launcher.java:352)
	at java.lang.ClassLoader.loadClass(ClassLoader.java:351)
	at java.lang.Class.forName0(Native Method)
	at java.lang.Class.forName(Class.java:348)
	at com.esotericsoftware.kryo.util.DefaultClassResolver.readName(DefaultClassResolver.java:176)
	... 29 common frames omitted
24-03-28.14:48:35.641 [redisson-netty-2-8] ERROR ErrorsLoggingHandler   - Exception occured. Channel: [id: 0xfa60d17c, L:/127.0.0.1:17584 - R:127.0.0.1/127.0.0.1:16379]
io.netty.handler.codec.DecoderException: com.esotericsoftware.kryo.KryoException: Unable to find class: cn.bugstack.domain.strategy.model.entity.StrategyAwardEntity
	at io.netty.handler.codec.ReplayingDecoder.callDecode(ReplayingDecoder.java:421)
	at io.netty.handler.codec.ByteToMessageDecoder.channelRead(ByteToMessageDecoder.java:290)
	at io.netty.channel.AbstractChannelHandlerContext.invokeChannelRead(AbstractChannelHandlerContext.java:444)
	at io.netty.channel.AbstractChannelHandlerContext.invokeChannelRead(AbstractChannelHandlerContext.java:420)
	at io.netty.channel.AbstractChannelHandlerContext.fireChannelRead(AbstractChannelHandlerContext.java:412)
	at io.netty.channel.DefaultChannelPipeline$HeadContext.channelRead(DefaultChannelPipeline.java:1410)
	at io.netty.channel.AbstractChannelHandlerContext.invokeChannelRead(AbstractChannelHandlerContext.java:440)
	at io.netty.channel.AbstractChannelHandlerContext.invokeChannelRead(AbstractChannelHandlerContext.java:420)
	at io.netty.channel.DefaultChannelPipeline.fireChannelRead(DefaultChannelPipeline.java:919)
	at io.netty.channel.nio.AbstractNioByteChannel$NioByteUnsafe.read(AbstractNioByteChannel.java:166)
	at io.netty.channel.nio.NioEventLoop.processSelectedKey(NioEventLoop.java:788)
	at io.netty.channel.nio.NioEventLoop.processSelectedKeysOptimized(NioEventLoop.java:724)
	at io.netty.channel.nio.NioEventLoop.processSelectedKeys(NioEventLoop.java:650)
	at io.netty.channel.nio.NioEventLoop.run(NioEventLoop.java:562)
	at io.netty.util.concurrent.SingleThreadEventExecutor$4.run(SingleThreadEventExecutor.java:997)
	at io.netty.util.internal.ThreadExecutorMap$2.run(ThreadExecutorMap.java:74)
	at io.netty.util.concurrent.FastThreadLocalRunnable.run(FastThreadLocalRunnable.java:30)
	at java.lang.Thread.run(Thread.java:750)
Caused by: com.esotericsoftware.kryo.KryoException: Unable to find class: cn.bugstack.domain.strategy.model.entity.StrategyAwardEntity
	at com.esotericsoftware.kryo.util.DefaultClassResolver.readName(DefaultClassResolver.java:182)
	at com.esotericsoftware.kryo.util.DefaultClassResolver.readClass(DefaultClassResolver.java:151)
	at com.esotericsoftware.kryo.Kryo.readClass(Kryo.java:758)
	at com.esotericsoftware.kryo.serializers.CollectionSerializer.read(CollectionSerializer.java:222)
	at com.esotericsoftware.kryo.serializers.CollectionSerializer.read(CollectionSerializer.java:44)
	at com.esotericsoftware.kryo.Kryo.readClassAndObject(Kryo.java:880)
	at org.redisson.codec.Kryo5Codec$4.decode(Kryo5Codec.java:144)
	at org.redisson.client.handler.CommandDecoder.decode(CommandDecoder.java:394)
	at org.redisson.client.handler.CommandDecoder.decodeCommand(CommandDecoder.java:205)
	at org.redisson.client.handler.CommandDecoder.decode(CommandDecoder.java:144)
	at org.redisson.client.handler.CommandDecoder.decode(CommandDecoder.java:120)
	at io.netty.handler.codec.ByteToMessageDecoder.decodeRemovalReentryProtection(ByteToMessageDecoder.java:529)
	at io.netty.handler.codec.ReplayingDecoder.callDecode(ReplayingDecoder.java:366)
	... 17 common frames omitted
Caused by: java.lang.ClassNotFoundException: cn.bugstack.domain.strategy.model.entity.StrategyAwardEntity
	at java.net.URLClassLoader.findClass(URLClassLoader.java:387)
	at java.lang.ClassLoader.loadClass(ClassLoader.java:418)
	at sun.misc.Launcher$AppClassLoader.loadClass(Launcher.java:352)
	at java.lang.ClassLoader.loadClass(ClassLoader.java:351)
	at java.lang.Class.forName0(Native Method)
	at java.lang.Class.forName(Class.java:348)
	at com.esotericsoftware.kryo.util.DefaultClassResolver.readName(DefaultClassResolver.java:176)
	... 29 common frames omitted
24-03-28.14:49:17.592 [redisson-netty-2-8] ERROR CommandDecoder         - Unable to decode data. channel: [id: 0x5f3ae9f0, L:/127.0.0.1:17662 - R:127.0.0.1/127.0.0.1:16379], reply: ReplayingDecoderByteBuf(ridx=163, widx=163), command: (GET), promise: java.util.concurrent.CompletableFuture@1680504c[Not completed, 1 dependents], params: [big_market_strategy_award_key_100002]
com.esotericsoftware.kryo.KryoException: Unable to find class: cn.bugstack.domain.strategy.model.entity.StrategyAwardEntity
	at com.esotericsoftware.kryo.util.DefaultClassResolver.readName(DefaultClassResolver.java:182)
	at com.esotericsoftware.kryo.util.DefaultClassResolver.readClass(DefaultClassResolver.java:151)
	at com.esotericsoftware.kryo.Kryo.readClass(Kryo.java:758)
	at com.esotericsoftware.kryo.serializers.CollectionSerializer.read(CollectionSerializer.java:222)
	at com.esotericsoftware.kryo.serializers.CollectionSerializer.read(CollectionSerializer.java:44)
	at com.esotericsoftware.kryo.Kryo.readClassAndObject(Kryo.java:880)
	at org.redisson.codec.Kryo5Codec$4.decode(Kryo5Codec.java:144)
	at org.redisson.client.handler.CommandDecoder.decode(CommandDecoder.java:394)
	at org.redisson.client.handler.CommandDecoder.decodeCommand(CommandDecoder.java:205)
	at org.redisson.client.handler.CommandDecoder.decode(CommandDecoder.java:144)
	at org.redisson.client.handler.CommandDecoder.decode(CommandDecoder.java:120)
	at io.netty.handler.codec.ByteToMessageDecoder.decodeRemovalReentryProtection(ByteToMessageDecoder.java:529)
	at io.netty.handler.codec.ReplayingDecoder.callDecode(ReplayingDecoder.java:366)
	at io.netty.handler.codec.ByteToMessageDecoder.channelRead(ByteToMessageDecoder.java:290)
	at io.netty.channel.AbstractChannelHandlerContext.invokeChannelRead(AbstractChannelHandlerContext.java:444)
	at io.netty.channel.AbstractChannelHandlerContext.invokeChannelRead(AbstractChannelHandlerContext.java:420)
	at io.netty.channel.AbstractChannelHandlerContext.fireChannelRead(AbstractChannelHandlerContext.java:412)
	at io.netty.channel.DefaultChannelPipeline$HeadContext.channelRead(DefaultChannelPipeline.java:1410)
	at io.netty.channel.AbstractChannelHandlerContext.invokeChannelRead(AbstractChannelHandlerContext.java:440)
	at io.netty.channel.AbstractChannelHandlerContext.invokeChannelRead(AbstractChannelHandlerContext.java:420)
	at io.netty.channel.DefaultChannelPipeline.fireChannelRead(DefaultChannelPipeline.java:919)
	at io.netty.channel.nio.AbstractNioByteChannel$NioByteUnsafe.read(AbstractNioByteChannel.java:166)
	at io.netty.channel.nio.NioEventLoop.processSelectedKey(NioEventLoop.java:788)
	at io.netty.channel.nio.NioEventLoop.processSelectedKeysOptimized(NioEventLoop.java:724)
	at io.netty.channel.nio.NioEventLoop.processSelectedKeys(NioEventLoop.java:650)
	at io.netty.channel.nio.NioEventLoop.run(NioEventLoop.java:562)
	at io.netty.util.concurrent.SingleThreadEventExecutor$4.run(SingleThreadEventExecutor.java:997)
	at io.netty.util.internal.ThreadExecutorMap$2.run(ThreadExecutorMap.java:74)
	at io.netty.util.concurrent.FastThreadLocalRunnable.run(FastThreadLocalRunnable.java:30)
	at java.lang.Thread.run(Thread.java:750)
Caused by: java.lang.ClassNotFoundException: cn.bugstack.domain.strategy.model.entity.StrategyAwardEntity
	at java.net.URLClassLoader.findClass(URLClassLoader.java:387)
	at java.lang.ClassLoader.loadClass(ClassLoader.java:418)
	at sun.misc.Launcher$AppClassLoader.loadClass(Launcher.java:352)
	at java.lang.ClassLoader.loadClass(ClassLoader.java:351)
	at java.lang.Class.forName0(Native Method)
	at java.lang.Class.forName(Class.java:348)
	at com.esotericsoftware.kryo.util.DefaultClassResolver.readName(DefaultClassResolver.java:176)
	... 29 common frames omitted
24-03-28.14:49:17.600 [redisson-netty-2-8] ERROR ErrorsLoggingHandler   - Exception occured. Channel: [id: 0x5f3ae9f0, L:/127.0.0.1:17662 - R:127.0.0.1/127.0.0.1:16379]
io.netty.handler.codec.DecoderException: com.esotericsoftware.kryo.KryoException: Unable to find class: cn.bugstack.domain.strategy.model.entity.StrategyAwardEntity
	at io.netty.handler.codec.ReplayingDecoder.callDecode(ReplayingDecoder.java:421)
	at io.netty.handler.codec.ByteToMessageDecoder.channelRead(ByteToMessageDecoder.java:290)
	at io.netty.channel.AbstractChannelHandlerContext.invokeChannelRead(AbstractChannelHandlerContext.java:444)
	at io.netty.channel.AbstractChannelHandlerContext.invokeChannelRead(AbstractChannelHandlerContext.java:420)
	at io.netty.channel.AbstractChannelHandlerContext.fireChannelRead(AbstractChannelHandlerContext.java:412)
	at io.netty.channel.DefaultChannelPipeline$HeadContext.channelRead(DefaultChannelPipeline.java:1410)
	at io.netty.channel.AbstractChannelHandlerContext.invokeChannelRead(AbstractChannelHandlerContext.java:440)
	at io.netty.channel.AbstractChannelHandlerContext.invokeChannelRead(AbstractChannelHandlerContext.java:420)
	at io.netty.channel.DefaultChannelPipeline.fireChannelRead(DefaultChannelPipeline.java:919)
	at io.netty.channel.nio.AbstractNioByteChannel$NioByteUnsafe.read(AbstractNioByteChannel.java:166)
	at io.netty.channel.nio.NioEventLoop.processSelectedKey(NioEventLoop.java:788)
	at io.netty.channel.nio.NioEventLoop.processSelectedKeysOptimized(NioEventLoop.java:724)
	at io.netty.channel.nio.NioEventLoop.processSelectedKeys(NioEventLoop.java:650)
	at io.netty.channel.nio.NioEventLoop.run(NioEventLoop.java:562)
	at io.netty.util.concurrent.SingleThreadEventExecutor$4.run(SingleThreadEventExecutor.java:997)
	at io.netty.util.internal.ThreadExecutorMap$2.run(ThreadExecutorMap.java:74)
	at io.netty.util.concurrent.FastThreadLocalRunnable.run(FastThreadLocalRunnable.java:30)
	at java.lang.Thread.run(Thread.java:750)
Caused by: com.esotericsoftware.kryo.KryoException: Unable to find class: cn.bugstack.domain.strategy.model.entity.StrategyAwardEntity
	at com.esotericsoftware.kryo.util.DefaultClassResolver.readName(DefaultClassResolver.java:182)
	at com.esotericsoftware.kryo.util.DefaultClassResolver.readClass(DefaultClassResolver.java:151)
	at com.esotericsoftware.kryo.Kryo.readClass(Kryo.java:758)
	at com.esotericsoftware.kryo.serializers.CollectionSerializer.read(CollectionSerializer.java:222)
	at com.esotericsoftware.kryo.serializers.CollectionSerializer.read(CollectionSerializer.java:44)
	at com.esotericsoftware.kryo.Kryo.readClassAndObject(Kryo.java:880)
	at org.redisson.codec.Kryo5Codec$4.decode(Kryo5Codec.java:144)
	at org.redisson.client.handler.CommandDecoder.decode(CommandDecoder.java:394)
	at org.redisson.client.handler.CommandDecoder.decodeCommand(CommandDecoder.java:205)
	at org.redisson.client.handler.CommandDecoder.decode(CommandDecoder.java:144)
	at org.redisson.client.handler.CommandDecoder.decode(CommandDecoder.java:120)
	at io.netty.handler.codec.ByteToMessageDecoder.decodeRemovalReentryProtection(ByteToMessageDecoder.java:529)
	at io.netty.handler.codec.ReplayingDecoder.callDecode(ReplayingDecoder.java:366)
	... 17 common frames omitted
Caused by: java.lang.ClassNotFoundException: cn.bugstack.domain.strategy.model.entity.StrategyAwardEntity
	at java.net.URLClassLoader.findClass(URLClassLoader.java:387)
	at java.lang.ClassLoader.loadClass(ClassLoader.java:418)
	at sun.misc.Launcher$AppClassLoader.loadClass(Launcher.java:352)
	at java.lang.ClassLoader.loadClass(ClassLoader.java:351)
	at java.lang.Class.forName0(Native Method)
	at java.lang.Class.forName(Class.java:348)
	at com.esotericsoftware.kryo.util.DefaultClassResolver.readName(DefaultClassResolver.java:176)
	... 29 common frames omitted
24-03-28.14:50:40.707 [redisson-netty-2-2] ERROR CommandDecoder         - Unable to decode data. channel: [id: 0x4fc44e73, L:/127.0.0.1:17742 - R:127.0.0.1/127.0.0.1:16379], reply: ReplayingDecoderByteBuf(ridx=163, widx=163), command: (GET), promise: java.util.concurrent.CompletableFuture@6ea61c0b[Not completed, 1 dependents], params: [big_market_strategy_award_key_100002]
com.esotericsoftware.kryo.KryoException: Unable to find class: cn.bugstack.domain.strategy.model.entity.StrategyAwardEntity
	at com.esotericsoftware.kryo.util.DefaultClassResolver.readName(DefaultClassResolver.java:182)
	at com.esotericsoftware.kryo.util.DefaultClassResolver.readClass(DefaultClassResolver.java:151)
	at com.esotericsoftware.kryo.Kryo.readClass(Kryo.java:758)
	at com.esotericsoftware.kryo.serializers.CollectionSerializer.read(CollectionSerializer.java:222)
	at com.esotericsoftware.kryo.serializers.CollectionSerializer.read(CollectionSerializer.java:44)
	at com.esotericsoftware.kryo.Kryo.readClassAndObject(Kryo.java:880)
	at org.redisson.codec.Kryo5Codec$4.decode(Kryo5Codec.java:144)
	at org.redisson.client.handler.CommandDecoder.decode(CommandDecoder.java:394)
	at org.redisson.client.handler.CommandDecoder.decodeCommand(CommandDecoder.java:205)
	at org.redisson.client.handler.CommandDecoder.decode(CommandDecoder.java:144)
	at org.redisson.client.handler.CommandDecoder.decode(CommandDecoder.java:120)
	at io.netty.handler.codec.ByteToMessageDecoder.decodeRemovalReentryProtection(ByteToMessageDecoder.java:529)
	at io.netty.handler.codec.ReplayingDecoder.callDecode(ReplayingDecoder.java:366)
	at io.netty.handler.codec.ByteToMessageDecoder.channelRead(ByteToMessageDecoder.java:290)
	at io.netty.channel.AbstractChannelHandlerContext.invokeChannelRead(AbstractChannelHandlerContext.java:444)
	at io.netty.channel.AbstractChannelHandlerContext.invokeChannelRead(AbstractChannelHandlerContext.java:420)
	at io.netty.channel.AbstractChannelHandlerContext.fireChannelRead(AbstractChannelHandlerContext.java:412)
	at io.netty.channel.DefaultChannelPipeline$HeadContext.channelRead(DefaultChannelPipeline.java:1410)
	at io.netty.channel.AbstractChannelHandlerContext.invokeChannelRead(AbstractChannelHandlerContext.java:440)
	at io.netty.channel.AbstractChannelHandlerContext.invokeChannelRead(AbstractChannelHandlerContext.java:420)
	at io.netty.channel.DefaultChannelPipeline.fireChannelRead(DefaultChannelPipeline.java:919)
	at io.netty.channel.nio.AbstractNioByteChannel$NioByteUnsafe.read(AbstractNioByteChannel.java:166)
	at io.netty.channel.nio.NioEventLoop.processSelectedKey(NioEventLoop.java:788)
	at io.netty.channel.nio.NioEventLoop.processSelectedKeysOptimized(NioEventLoop.java:724)
	at io.netty.channel.nio.NioEventLoop.processSelectedKeys(NioEventLoop.java:650)
	at io.netty.channel.nio.NioEventLoop.run(NioEventLoop.java:562)
	at io.netty.util.concurrent.SingleThreadEventExecutor$4.run(SingleThreadEventExecutor.java:997)
	at io.netty.util.internal.ThreadExecutorMap$2.run(ThreadExecutorMap.java:74)
	at io.netty.util.concurrent.FastThreadLocalRunnable.run(FastThreadLocalRunnable.java:30)
	at java.lang.Thread.run(Thread.java:750)
Caused by: java.lang.ClassNotFoundException: cn.bugstack.domain.strategy.model.entity.StrategyAwardEntity
	at java.net.URLClassLoader.findClass(URLClassLoader.java:387)
	at java.lang.ClassLoader.loadClass(ClassLoader.java:418)
	at sun.misc.Launcher$AppClassLoader.loadClass(Launcher.java:352)
	at java.lang.ClassLoader.loadClass(ClassLoader.java:351)
	at java.lang.Class.forName0(Native Method)
	at java.lang.Class.forName(Class.java:348)
	at com.esotericsoftware.kryo.util.DefaultClassResolver.readName(DefaultClassResolver.java:176)
	... 29 common frames omitted
24-03-28.14:50:40.721 [redisson-netty-2-2] ERROR ErrorsLoggingHandler   - Exception occured. Channel: [id: 0x4fc44e73, L:/127.0.0.1:17742 - R:127.0.0.1/127.0.0.1:16379]
io.netty.handler.codec.DecoderException: com.esotericsoftware.kryo.KryoException: Unable to find class: cn.bugstack.domain.strategy.model.entity.StrategyAwardEntity
	at io.netty.handler.codec.ReplayingDecoder.callDecode(ReplayingDecoder.java:421)
	at io.netty.handler.codec.ByteToMessageDecoder.channelRead(ByteToMessageDecoder.java:290)
	at io.netty.channel.AbstractChannelHandlerContext.invokeChannelRead(AbstractChannelHandlerContext.java:444)
	at io.netty.channel.AbstractChannelHandlerContext.invokeChannelRead(AbstractChannelHandlerContext.java:420)
	at io.netty.channel.AbstractChannelHandlerContext.fireChannelRead(AbstractChannelHandlerContext.java:412)
	at io.netty.channel.DefaultChannelPipeline$HeadContext.channelRead(DefaultChannelPipeline.java:1410)
	at io.netty.channel.AbstractChannelHandlerContext.invokeChannelRead(AbstractChannelHandlerContext.java:440)
	at io.netty.channel.AbstractChannelHandlerContext.invokeChannelRead(AbstractChannelHandlerContext.java:420)
	at io.netty.channel.DefaultChannelPipeline.fireChannelRead(DefaultChannelPipeline.java:919)
	at io.netty.channel.nio.AbstractNioByteChannel$NioByteUnsafe.read(AbstractNioByteChannel.java:166)
	at io.netty.channel.nio.NioEventLoop.processSelectedKey(NioEventLoop.java:788)
	at io.netty.channel.nio.NioEventLoop.processSelectedKeysOptimized(NioEventLoop.java:724)
	at io.netty.channel.nio.NioEventLoop.processSelectedKeys(NioEventLoop.java:650)
	at io.netty.channel.nio.NioEventLoop.run(NioEventLoop.java:562)
	at io.netty.util.concurrent.SingleThreadEventExecutor$4.run(SingleThreadEventExecutor.java:997)
	at io.netty.util.internal.ThreadExecutorMap$2.run(ThreadExecutorMap.java:74)
	at io.netty.util.concurrent.FastThreadLocalRunnable.run(FastThreadLocalRunnable.java:30)
	at java.lang.Thread.run(Thread.java:750)
Caused by: com.esotericsoftware.kryo.KryoException: Unable to find class: cn.bugstack.domain.strategy.model.entity.StrategyAwardEntity
	at com.esotericsoftware.kryo.util.DefaultClassResolver.readName(DefaultClassResolver.java:182)
	at com.esotericsoftware.kryo.util.DefaultClassResolver.readClass(DefaultClassResolver.java:151)
	at com.esotericsoftware.kryo.Kryo.readClass(Kryo.java:758)
	at com.esotericsoftware.kryo.serializers.CollectionSerializer.read(CollectionSerializer.java:222)
	at com.esotericsoftware.kryo.serializers.CollectionSerializer.read(CollectionSerializer.java:44)
	at com.esotericsoftware.kryo.Kryo.readClassAndObject(Kryo.java:880)
	at org.redisson.codec.Kryo5Codec$4.decode(Kryo5Codec.java:144)
	at org.redisson.client.handler.CommandDecoder.decode(CommandDecoder.java:394)
	at org.redisson.client.handler.CommandDecoder.decodeCommand(CommandDecoder.java:205)
	at org.redisson.client.handler.CommandDecoder.decode(CommandDecoder.java:144)
	at org.redisson.client.handler.CommandDecoder.decode(CommandDecoder.java:120)
	at io.netty.handler.codec.ByteToMessageDecoder.decodeRemovalReentryProtection(ByteToMessageDecoder.java:529)
	at io.netty.handler.codec.ReplayingDecoder.callDecode(ReplayingDecoder.java:366)
	... 17 common frames omitted
Caused by: java.lang.ClassNotFoundException: cn.bugstack.domain.strategy.model.entity.StrategyAwardEntity
	at java.net.URLClassLoader.findClass(URLClassLoader.java:387)
	at java.lang.ClassLoader.loadClass(ClassLoader.java:418)
	at sun.misc.Launcher$AppClassLoader.loadClass(Launcher.java:352)
	at java.lang.ClassLoader.loadClass(ClassLoader.java:351)
	at java.lang.Class.forName0(Native Method)
	at java.lang.Class.forName(Class.java:348)
	at com.esotericsoftware.kryo.util.DefaultClassResolver.readName(DefaultClassResolver.java:176)
	... 29 common frames omitted
24-03-28.14:52:07.301 [HikariPool-1 housekeeper] WARN  HikariPool             - HikariPool-1 - Thread starvation or clock leap detected (housekeeper delta=1m26s838ms125µs600ns).
24-03-28.14:58:12.039 [redisson-netty-2-8] ERROR CommandDecoder         - Unable to decode data. channel: [id: 0xf41fd9a5, L:/127.0.0.1:18352 - R:127.0.0.1/127.0.0.1:16379], reply: ReplayingDecoderByteBuf(ridx=163, widx=163), command: (GET), promise: java.util.concurrent.CompletableFuture@4c91142c[Not completed, 1 dependents], params: [big_market_strategy_award_key_100002]
com.esotericsoftware.kryo.KryoException: Unable to find class: cn.bugstack.domain.strategy.model.entity.StrategyAwardEntity
	at com.esotericsoftware.kryo.util.DefaultClassResolver.readName(DefaultClassResolver.java:182)
	at com.esotericsoftware.kryo.util.DefaultClassResolver.readClass(DefaultClassResolver.java:151)
	at com.esotericsoftware.kryo.Kryo.readClass(Kryo.java:758)
	at com.esotericsoftware.kryo.serializers.CollectionSerializer.read(CollectionSerializer.java:222)
	at com.esotericsoftware.kryo.serializers.CollectionSerializer.read(CollectionSerializer.java:44)
	at com.esotericsoftware.kryo.Kryo.readClassAndObject(Kryo.java:880)
	at org.redisson.codec.Kryo5Codec$4.decode(Kryo5Codec.java:144)
	at org.redisson.client.handler.CommandDecoder.decode(CommandDecoder.java:394)
	at org.redisson.client.handler.CommandDecoder.decodeCommand(CommandDecoder.java:205)
	at org.redisson.client.handler.CommandDecoder.decode(CommandDecoder.java:144)
	at org.redisson.client.handler.CommandDecoder.decode(CommandDecoder.java:120)
	at io.netty.handler.codec.ByteToMessageDecoder.decodeRemovalReentryProtection(ByteToMessageDecoder.java:529)
	at io.netty.handler.codec.ReplayingDecoder.callDecode(ReplayingDecoder.java:366)
	at io.netty.handler.codec.ByteToMessageDecoder.channelRead(ByteToMessageDecoder.java:290)
	at io.netty.channel.AbstractChannelHandlerContext.invokeChannelRead(AbstractChannelHandlerContext.java:444)
	at io.netty.channel.AbstractChannelHandlerContext.invokeChannelRead(AbstractChannelHandlerContext.java:420)
	at io.netty.channel.AbstractChannelHandlerContext.fireChannelRead(AbstractChannelHandlerContext.java:412)
	at io.netty.channel.DefaultChannelPipeline$HeadContext.channelRead(DefaultChannelPipeline.java:1410)
	at io.netty.channel.AbstractChannelHandlerContext.invokeChannelRead(AbstractChannelHandlerContext.java:440)
	at io.netty.channel.AbstractChannelHandlerContext.invokeChannelRead(AbstractChannelHandlerContext.java:420)
	at io.netty.channel.DefaultChannelPipeline.fireChannelRead(DefaultChannelPipeline.java:919)
	at io.netty.channel.nio.AbstractNioByteChannel$NioByteUnsafe.read(AbstractNioByteChannel.java:166)
	at io.netty.channel.nio.NioEventLoop.processSelectedKey(NioEventLoop.java:788)
	at io.netty.channel.nio.NioEventLoop.processSelectedKeysOptimized(NioEventLoop.java:724)
	at io.netty.channel.nio.NioEventLoop.processSelectedKeys(NioEventLoop.java:650)
	at io.netty.channel.nio.NioEventLoop.run(NioEventLoop.java:562)
	at io.netty.util.concurrent.SingleThreadEventExecutor$4.run(SingleThreadEventExecutor.java:997)
	at io.netty.util.internal.ThreadExecutorMap$2.run(ThreadExecutorMap.java:74)
	at io.netty.util.concurrent.FastThreadLocalRunnable.run(FastThreadLocalRunnable.java:30)
	at java.lang.Thread.run(Thread.java:750)
Caused by: java.lang.ClassNotFoundException: cn.bugstack.domain.strategy.model.entity.StrategyAwardEntity
	at java.net.URLClassLoader.findClass(URLClassLoader.java:387)
	at java.lang.ClassLoader.loadClass(ClassLoader.java:418)
	at sun.misc.Launcher$AppClassLoader.loadClass(Launcher.java:352)
	at java.lang.ClassLoader.loadClass(ClassLoader.java:351)
	at java.lang.Class.forName0(Native Method)
	at java.lang.Class.forName(Class.java:348)
	at com.esotericsoftware.kryo.util.DefaultClassResolver.readName(DefaultClassResolver.java:176)
	... 29 common frames omitted
24-03-28.14:58:12.046 [redisson-netty-2-8] ERROR ErrorsLoggingHandler   - Exception occured. Channel: [id: 0xf41fd9a5, L:/127.0.0.1:18352 - R:127.0.0.1/127.0.0.1:16379]
io.netty.handler.codec.DecoderException: com.esotericsoftware.kryo.KryoException: Unable to find class: cn.bugstack.domain.strategy.model.entity.StrategyAwardEntity
	at io.netty.handler.codec.ReplayingDecoder.callDecode(ReplayingDecoder.java:421)
	at io.netty.handler.codec.ByteToMessageDecoder.channelRead(ByteToMessageDecoder.java:290)
	at io.netty.channel.AbstractChannelHandlerContext.invokeChannelRead(AbstractChannelHandlerContext.java:444)
	at io.netty.channel.AbstractChannelHandlerContext.invokeChannelRead(AbstractChannelHandlerContext.java:420)
	at io.netty.channel.AbstractChannelHandlerContext.fireChannelRead(AbstractChannelHandlerContext.java:412)
	at io.netty.channel.DefaultChannelPipeline$HeadContext.channelRead(DefaultChannelPipeline.java:1410)
	at io.netty.channel.AbstractChannelHandlerContext.invokeChannelRead(AbstractChannelHandlerContext.java:440)
	at io.netty.channel.AbstractChannelHandlerContext.invokeChannelRead(AbstractChannelHandlerContext.java:420)
	at io.netty.channel.DefaultChannelPipeline.fireChannelRead(DefaultChannelPipeline.java:919)
	at io.netty.channel.nio.AbstractNioByteChannel$NioByteUnsafe.read(AbstractNioByteChannel.java:166)
	at io.netty.channel.nio.NioEventLoop.processSelectedKey(NioEventLoop.java:788)
	at io.netty.channel.nio.NioEventLoop.processSelectedKeysOptimized(NioEventLoop.java:724)
	at io.netty.channel.nio.NioEventLoop.processSelectedKeys(NioEventLoop.java:650)
	at io.netty.channel.nio.NioEventLoop.run(NioEventLoop.java:562)
	at io.netty.util.concurrent.SingleThreadEventExecutor$4.run(SingleThreadEventExecutor.java:997)
	at io.netty.util.internal.ThreadExecutorMap$2.run(ThreadExecutorMap.java:74)
	at io.netty.util.concurrent.FastThreadLocalRunnable.run(FastThreadLocalRunnable.java:30)
	at java.lang.Thread.run(Thread.java:750)
Caused by: com.esotericsoftware.kryo.KryoException: Unable to find class: cn.bugstack.domain.strategy.model.entity.StrategyAwardEntity
	at com.esotericsoftware.kryo.util.DefaultClassResolver.readName(DefaultClassResolver.java:182)
	at com.esotericsoftware.kryo.util.DefaultClassResolver.readClass(DefaultClassResolver.java:151)
	at com.esotericsoftware.kryo.Kryo.readClass(Kryo.java:758)
	at com.esotericsoftware.kryo.serializers.CollectionSerializer.read(CollectionSerializer.java:222)
	at com.esotericsoftware.kryo.serializers.CollectionSerializer.read(CollectionSerializer.java:44)
	at com.esotericsoftware.kryo.Kryo.readClassAndObject(Kryo.java:880)
	at org.redisson.codec.Kryo5Codec$4.decode(Kryo5Codec.java:144)
	at org.redisson.client.handler.CommandDecoder.decode(CommandDecoder.java:394)
	at org.redisson.client.handler.CommandDecoder.decodeCommand(CommandDecoder.java:205)
	at org.redisson.client.handler.CommandDecoder.decode(CommandDecoder.java:144)
	at org.redisson.client.handler.CommandDecoder.decode(CommandDecoder.java:120)
	at io.netty.handler.codec.ByteToMessageDecoder.decodeRemovalReentryProtection(ByteToMessageDecoder.java:529)
	at io.netty.handler.codec.ReplayingDecoder.callDecode(ReplayingDecoder.java:366)
	... 17 common frames omitted
Caused by: java.lang.ClassNotFoundException: cn.bugstack.domain.strategy.model.entity.StrategyAwardEntity
	at java.net.URLClassLoader.findClass(URLClassLoader.java:387)
	at java.lang.ClassLoader.loadClass(ClassLoader.java:418)
	at sun.misc.Launcher$AppClassLoader.loadClass(Launcher.java:352)
	at java.lang.ClassLoader.loadClass(ClassLoader.java:351)
	at java.lang.Class.forName0(Native Method)
	at java.lang.Class.forName(Class.java:348)
	at com.esotericsoftware.kryo.util.DefaultClassResolver.readName(DefaultClassResolver.java:176)
	... 29 common frames omitted
24-03-28.15:09:22.949 [HikariPool-1 housekeeper] WARN  HikariPool             - HikariPool-1 - Thread starvation or clock leap detected (housekeeper delta=46s821ms376µs600ns).
24-03-28.15:10:31.509 [HikariPool-1 housekeeper] WARN  HikariPool             - HikariPool-1 - Thread starvation or clock leap detected (housekeeper delta=1m8s559ms914µs700ns).
24-03-28.15:11:58.864 [HikariPool-1 housekeeper] WARN  HikariPool             - HikariPool-1 - Thread starvation or clock leap detected (housekeeper delta=1m27s354ms735µs700ns).
24-03-28.15:13:58.084 [HikariPool-1 housekeeper] WARN  HikariPool             - HikariPool-1 - Thread starvation or clock leap detected (housekeeper delta=1m59s221ms126µs200ns).
24-03-28.15:17:51.578 [redisson-netty-2-8] ERROR CommandDecoder         - Unable to decode data. channel: [id: 0x922cf3e0, L:/127.0.0.1:19144 - R:127.0.0.1/127.0.0.1:16379], reply: ReplayingDecoderByteBuf(ridx=163, widx=163), command: (GET), promise: java.util.concurrent.CompletableFuture@7b88e40d[Not completed, 1 dependents], params: [big_market_strategy_award_key_100002]
com.esotericsoftware.kryo.KryoException: Unable to find class: cn.bugstack.domain.strategy.model.entity.StrategyAwardEntity
	at com.esotericsoftware.kryo.util.DefaultClassResolver.readName(DefaultClassResolver.java:182)
	at com.esotericsoftware.kryo.util.DefaultClassResolver.readClass(DefaultClassResolver.java:151)
	at com.esotericsoftware.kryo.Kryo.readClass(Kryo.java:758)
	at com.esotericsoftware.kryo.serializers.CollectionSerializer.read(CollectionSerializer.java:222)
	at com.esotericsoftware.kryo.serializers.CollectionSerializer.read(CollectionSerializer.java:44)
	at com.esotericsoftware.kryo.Kryo.readClassAndObject(Kryo.java:880)
	at org.redisson.codec.Kryo5Codec$4.decode(Kryo5Codec.java:144)
	at org.redisson.client.handler.CommandDecoder.decode(CommandDecoder.java:394)
	at org.redisson.client.handler.CommandDecoder.decodeCommand(CommandDecoder.java:205)
	at org.redisson.client.handler.CommandDecoder.decode(CommandDecoder.java:144)
	at org.redisson.client.handler.CommandDecoder.decode(CommandDecoder.java:120)
	at io.netty.handler.codec.ByteToMessageDecoder.decodeRemovalReentryProtection(ByteToMessageDecoder.java:529)
	at io.netty.handler.codec.ReplayingDecoder.callDecode(ReplayingDecoder.java:366)
	at io.netty.handler.codec.ByteToMessageDecoder.channelRead(ByteToMessageDecoder.java:290)
	at io.netty.channel.AbstractChannelHandlerContext.invokeChannelRead(AbstractChannelHandlerContext.java:444)
	at io.netty.channel.AbstractChannelHandlerContext.invokeChannelRead(AbstractChannelHandlerContext.java:420)
	at io.netty.channel.AbstractChannelHandlerContext.fireChannelRead(AbstractChannelHandlerContext.java:412)
	at io.netty.channel.DefaultChannelPipeline$HeadContext.channelRead(DefaultChannelPipeline.java:1410)
	at io.netty.channel.AbstractChannelHandlerContext.invokeChannelRead(AbstractChannelHandlerContext.java:440)
	at io.netty.channel.AbstractChannelHandlerContext.invokeChannelRead(AbstractChannelHandlerContext.java:420)
	at io.netty.channel.DefaultChannelPipeline.fireChannelRead(DefaultChannelPipeline.java:919)
	at io.netty.channel.nio.AbstractNioByteChannel$NioByteUnsafe.read(AbstractNioByteChannel.java:166)
	at io.netty.channel.nio.NioEventLoop.processSelectedKey(NioEventLoop.java:788)
	at io.netty.channel.nio.NioEventLoop.processSelectedKeysOptimized(NioEventLoop.java:724)
	at io.netty.channel.nio.NioEventLoop.processSelectedKeys(NioEventLoop.java:650)
	at io.netty.channel.nio.NioEventLoop.run(NioEventLoop.java:562)
	at io.netty.util.concurrent.SingleThreadEventExecutor$4.run(SingleThreadEventExecutor.java:997)
	at io.netty.util.internal.ThreadExecutorMap$2.run(ThreadExecutorMap.java:74)
	at io.netty.util.concurrent.FastThreadLocalRunnable.run(FastThreadLocalRunnable.java:30)
	at java.lang.Thread.run(Thread.java:750)
Caused by: java.lang.ClassNotFoundException: cn.bugstack.domain.strategy.model.entity.StrategyAwardEntity
	at java.net.URLClassLoader.findClass(URLClassLoader.java:387)
	at java.lang.ClassLoader.loadClass(ClassLoader.java:418)
	at sun.misc.Launcher$AppClassLoader.loadClass(Launcher.java:352)
	at java.lang.ClassLoader.loadClass(ClassLoader.java:351)
	at java.lang.Class.forName0(Native Method)
	at java.lang.Class.forName(Class.java:348)
	at com.esotericsoftware.kryo.util.DefaultClassResolver.readName(DefaultClassResolver.java:176)
	... 29 common frames omitted
24-03-28.15:17:51.590 [redisson-netty-2-8] ERROR ErrorsLoggingHandler   - Exception occured. Channel: [id: 0x922cf3e0, L:/127.0.0.1:19144 - R:127.0.0.1/127.0.0.1:16379]
io.netty.handler.codec.DecoderException: com.esotericsoftware.kryo.KryoException: Unable to find class: cn.bugstack.domain.strategy.model.entity.StrategyAwardEntity
	at io.netty.handler.codec.ReplayingDecoder.callDecode(ReplayingDecoder.java:421)
	at io.netty.handler.codec.ByteToMessageDecoder.channelRead(ByteToMessageDecoder.java:290)
	at io.netty.channel.AbstractChannelHandlerContext.invokeChannelRead(AbstractChannelHandlerContext.java:444)
	at io.netty.channel.AbstractChannelHandlerContext.invokeChannelRead(AbstractChannelHandlerContext.java:420)
	at io.netty.channel.AbstractChannelHandlerContext.fireChannelRead(AbstractChannelHandlerContext.java:412)
	at io.netty.channel.DefaultChannelPipeline$HeadContext.channelRead(DefaultChannelPipeline.java:1410)
	at io.netty.channel.AbstractChannelHandlerContext.invokeChannelRead(AbstractChannelHandlerContext.java:440)
	at io.netty.channel.AbstractChannelHandlerContext.invokeChannelRead(AbstractChannelHandlerContext.java:420)
	at io.netty.channel.DefaultChannelPipeline.fireChannelRead(DefaultChannelPipeline.java:919)
	at io.netty.channel.nio.AbstractNioByteChannel$NioByteUnsafe.read(AbstractNioByteChannel.java:166)
	at io.netty.channel.nio.NioEventLoop.processSelectedKey(NioEventLoop.java:788)
	at io.netty.channel.nio.NioEventLoop.processSelectedKeysOptimized(NioEventLoop.java:724)
	at io.netty.channel.nio.NioEventLoop.processSelectedKeys(NioEventLoop.java:650)
	at io.netty.channel.nio.NioEventLoop.run(NioEventLoop.java:562)
	at io.netty.util.concurrent.SingleThreadEventExecutor$4.run(SingleThreadEventExecutor.java:997)
	at io.netty.util.internal.ThreadExecutorMap$2.run(ThreadExecutorMap.java:74)
	at io.netty.util.concurrent.FastThreadLocalRunnable.run(FastThreadLocalRunnable.java:30)
	at java.lang.Thread.run(Thread.java:750)
Caused by: com.esotericsoftware.kryo.KryoException: Unable to find class: cn.bugstack.domain.strategy.model.entity.StrategyAwardEntity
	at com.esotericsoftware.kryo.util.DefaultClassResolver.readName(DefaultClassResolver.java:182)
	at com.esotericsoftware.kryo.util.DefaultClassResolver.readClass(DefaultClassResolver.java:151)
	at com.esotericsoftware.kryo.Kryo.readClass(Kryo.java:758)
	at com.esotericsoftware.kryo.serializers.CollectionSerializer.read(CollectionSerializer.java:222)
	at com.esotericsoftware.kryo.serializers.CollectionSerializer.read(CollectionSerializer.java:44)
	at com.esotericsoftware.kryo.Kryo.readClassAndObject(Kryo.java:880)
	at org.redisson.codec.Kryo5Codec$4.decode(Kryo5Codec.java:144)
	at org.redisson.client.handler.CommandDecoder.decode(CommandDecoder.java:394)
	at org.redisson.client.handler.CommandDecoder.decodeCommand(CommandDecoder.java:205)
	at org.redisson.client.handler.CommandDecoder.decode(CommandDecoder.java:144)
	at org.redisson.client.handler.CommandDecoder.decode(CommandDecoder.java:120)
	at io.netty.handler.codec.ByteToMessageDecoder.decodeRemovalReentryProtection(ByteToMessageDecoder.java:529)
	at io.netty.handler.codec.ReplayingDecoder.callDecode(ReplayingDecoder.java:366)
	... 17 common frames omitted
Caused by: java.lang.ClassNotFoundException: cn.bugstack.domain.strategy.model.entity.StrategyAwardEntity
	at java.net.URLClassLoader.findClass(URLClassLoader.java:387)
	at java.lang.ClassLoader.loadClass(ClassLoader.java:418)
	at sun.misc.Launcher$AppClassLoader.loadClass(Launcher.java:352)
	at java.lang.ClassLoader.loadClass(ClassLoader.java:351)
	at java.lang.Class.forName0(Native Method)
	at java.lang.Class.forName(Class.java:348)
	at com.esotericsoftware.kryo.util.DefaultClassResolver.readName(DefaultClassResolver.java:176)
	... 29 common frames omitted
24-03-28.15:40:52.133 [redisson-netty-2-6] ERROR CommandDecoder         - Unable to decode data. channel: [id: 0xc89af70c, L:/127.0.0.1:20969 - R:127.0.0.1/127.0.0.1:16379], reply: ReplayingDecoderByteBuf(ridx=284, widx=284), command: (GET), promise: java.util.concurrent.CompletableFuture@61cf3355[Not completed, 1 dependents], params: [big_market_strategy_award_key_100001]
com.esotericsoftware.kryo.KryoException: Unable to find class: cn.bugstack.domain.strategy.model.entity.StrategyAwardEntity
	at com.esotericsoftware.kryo.util.DefaultClassResolver.readName(DefaultClassResolver.java:182)
	at com.esotericsoftware.kryo.util.DefaultClassResolver.readClass(DefaultClassResolver.java:151)
	at com.esotericsoftware.kryo.Kryo.readClass(Kryo.java:758)
	at com.esotericsoftware.kryo.serializers.CollectionSerializer.read(CollectionSerializer.java:222)
	at com.esotericsoftware.kryo.serializers.CollectionSerializer.read(CollectionSerializer.java:44)
	at com.esotericsoftware.kryo.Kryo.readClassAndObject(Kryo.java:880)
	at org.redisson.codec.Kryo5Codec$4.decode(Kryo5Codec.java:144)
	at org.redisson.client.handler.CommandDecoder.decode(CommandDecoder.java:394)
	at org.redisson.client.handler.CommandDecoder.decodeCommand(CommandDecoder.java:205)
	at org.redisson.client.handler.CommandDecoder.decode(CommandDecoder.java:144)
	at org.redisson.client.handler.CommandDecoder.decode(CommandDecoder.java:120)
	at io.netty.handler.codec.ByteToMessageDecoder.decodeRemovalReentryProtection(ByteToMessageDecoder.java:529)
	at io.netty.handler.codec.ReplayingDecoder.callDecode(ReplayingDecoder.java:366)
	at io.netty.handler.codec.ByteToMessageDecoder.channelRead(ByteToMessageDecoder.java:290)
	at io.netty.channel.AbstractChannelHandlerContext.invokeChannelRead(AbstractChannelHandlerContext.java:444)
	at io.netty.channel.AbstractChannelHandlerContext.invokeChannelRead(AbstractChannelHandlerContext.java:420)
	at io.netty.channel.AbstractChannelHandlerContext.fireChannelRead(AbstractChannelHandlerContext.java:412)
	at io.netty.channel.DefaultChannelPipeline$HeadContext.channelRead(DefaultChannelPipeline.java:1410)
	at io.netty.channel.AbstractChannelHandlerContext.invokeChannelRead(AbstractChannelHandlerContext.java:440)
	at io.netty.channel.AbstractChannelHandlerContext.invokeChannelRead(AbstractChannelHandlerContext.java:420)
	at io.netty.channel.DefaultChannelPipeline.fireChannelRead(DefaultChannelPipeline.java:919)
	at io.netty.channel.nio.AbstractNioByteChannel$NioByteUnsafe.read(AbstractNioByteChannel.java:166)
	at io.netty.channel.nio.NioEventLoop.processSelectedKey(NioEventLoop.java:788)
	at io.netty.channel.nio.NioEventLoop.processSelectedKeysOptimized(NioEventLoop.java:724)
	at io.netty.channel.nio.NioEventLoop.processSelectedKeys(NioEventLoop.java:650)
	at io.netty.channel.nio.NioEventLoop.run(NioEventLoop.java:562)
	at io.netty.util.concurrent.SingleThreadEventExecutor$4.run(SingleThreadEventExecutor.java:997)
	at io.netty.util.internal.ThreadExecutorMap$2.run(ThreadExecutorMap.java:74)
	at io.netty.util.concurrent.FastThreadLocalRunnable.run(FastThreadLocalRunnable.java:30)
	at java.lang.Thread.run(Thread.java:750)
Caused by: java.lang.ClassNotFoundException: cn.bugstack.domain.strategy.model.entity.StrategyAwardEntity
	at java.net.URLClassLoader.findClass(URLClassLoader.java:387)
	at java.lang.ClassLoader.loadClass(ClassLoader.java:418)
	at sun.misc.Launcher$AppClassLoader.loadClass(Launcher.java:352)
	at java.lang.ClassLoader.loadClass(ClassLoader.java:351)
	at java.lang.Class.forName0(Native Method)
	at java.lang.Class.forName(Class.java:348)
	at com.esotericsoftware.kryo.util.DefaultClassResolver.readName(DefaultClassResolver.java:176)
	... 29 common frames omitted
24-03-28.15:40:52.140 [redisson-netty-2-6] ERROR ErrorsLoggingHandler   - Exception occured. Channel: [id: 0xc89af70c, L:/127.0.0.1:20969 - R:127.0.0.1/127.0.0.1:16379]
io.netty.handler.codec.DecoderException: com.esotericsoftware.kryo.KryoException: Unable to find class: cn.bugstack.domain.strategy.model.entity.StrategyAwardEntity
	at io.netty.handler.codec.ReplayingDecoder.callDecode(ReplayingDecoder.java:421)
	at io.netty.handler.codec.ByteToMessageDecoder.channelRead(ByteToMessageDecoder.java:290)
	at io.netty.channel.AbstractChannelHandlerContext.invokeChannelRead(AbstractChannelHandlerContext.java:444)
	at io.netty.channel.AbstractChannelHandlerContext.invokeChannelRead(AbstractChannelHandlerContext.java:420)
	at io.netty.channel.AbstractChannelHandlerContext.fireChannelRead(AbstractChannelHandlerContext.java:412)
	at io.netty.channel.DefaultChannelPipeline$HeadContext.channelRead(DefaultChannelPipeline.java:1410)
	at io.netty.channel.AbstractChannelHandlerContext.invokeChannelRead(AbstractChannelHandlerContext.java:440)
	at io.netty.channel.AbstractChannelHandlerContext.invokeChannelRead(AbstractChannelHandlerContext.java:420)
	at io.netty.channel.DefaultChannelPipeline.fireChannelRead(DefaultChannelPipeline.java:919)
	at io.netty.channel.nio.AbstractNioByteChannel$NioByteUnsafe.read(AbstractNioByteChannel.java:166)
	at io.netty.channel.nio.NioEventLoop.processSelectedKey(NioEventLoop.java:788)
	at io.netty.channel.nio.NioEventLoop.processSelectedKeysOptimized(NioEventLoop.java:724)
	at io.netty.channel.nio.NioEventLoop.processSelectedKeys(NioEventLoop.java:650)
	at io.netty.channel.nio.NioEventLoop.run(NioEventLoop.java:562)
	at io.netty.util.concurrent.SingleThreadEventExecutor$4.run(SingleThreadEventExecutor.java:997)
	at io.netty.util.internal.ThreadExecutorMap$2.run(ThreadExecutorMap.java:74)
	at io.netty.util.concurrent.FastThreadLocalRunnable.run(FastThreadLocalRunnable.java:30)
	at java.lang.Thread.run(Thread.java:750)
Caused by: com.esotericsoftware.kryo.KryoException: Unable to find class: cn.bugstack.domain.strategy.model.entity.StrategyAwardEntity
	at com.esotericsoftware.kryo.util.DefaultClassResolver.readName(DefaultClassResolver.java:182)
	at com.esotericsoftware.kryo.util.DefaultClassResolver.readClass(DefaultClassResolver.java:151)
	at com.esotericsoftware.kryo.Kryo.readClass(Kryo.java:758)
	at com.esotericsoftware.kryo.serializers.CollectionSerializer.read(CollectionSerializer.java:222)
	at com.esotericsoftware.kryo.serializers.CollectionSerializer.read(CollectionSerializer.java:44)
	at com.esotericsoftware.kryo.Kryo.readClassAndObject(Kryo.java:880)
	at org.redisson.codec.Kryo5Codec$4.decode(Kryo5Codec.java:144)
	at org.redisson.client.handler.CommandDecoder.decode(CommandDecoder.java:394)
	at org.redisson.client.handler.CommandDecoder.decodeCommand(CommandDecoder.java:205)
	at org.redisson.client.handler.CommandDecoder.decode(CommandDecoder.java:144)
	at org.redisson.client.handler.CommandDecoder.decode(CommandDecoder.java:120)
	at io.netty.handler.codec.ByteToMessageDecoder.decodeRemovalReentryProtection(ByteToMessageDecoder.java:529)
	at io.netty.handler.codec.ReplayingDecoder.callDecode(ReplayingDecoder.java:366)
	... 17 common frames omitted
Caused by: java.lang.ClassNotFoundException: cn.bugstack.domain.strategy.model.entity.StrategyAwardEntity
	at java.net.URLClassLoader.findClass(URLClassLoader.java:387)
	at java.lang.ClassLoader.loadClass(ClassLoader.java:418)
	at sun.misc.Launcher$AppClassLoader.loadClass(Launcher.java:352)
	at java.lang.ClassLoader.loadClass(ClassLoader.java:351)
	at java.lang.Class.forName0(Native Method)
	at java.lang.Class.forName(Class.java:348)
	at com.esotericsoftware.kryo.util.DefaultClassResolver.readName(DefaultClassResolver.java:176)
	... 29 common frames omitted
