24-04-06.01:29:16.726 [main            ] INFO  LogicChainTest         - Starting LogicChainTest using Java 1.8.0_402 on DESKTOP-R4OTSS8 with PID 29100 (started by heng in C:\Users\heng\Desktop\backend\proj\big-market-9468-Henry\big-market-9468-Henry-app)
24-04-06.01:29:16.739 [main            ] INFO  LogicChainTest         - The following 1 profile is active: "dev"
24-04-06.01:29:18.081 [main            ] INFO  RepositoryConfigurationDelegate - Multiple Spring Data modules found, entering strict repository configuration mode
24-04-06.01:29:18.086 [main            ] INFO  RepositoryConfigurationDelegate - Bootstrapping Spring Data Redis repositories in DEFAULT mode.
24-04-06.01:29:18.140 [main            ] INFO  RepositoryConfigurationDelegate - Finished Spring Data repository scanning in 29 ms. Found 0 Redis repository interfaces.
24-04-06.01:29:20.233 [main            ] INFO  Version                - Redisson 3.23.4
24-04-06.01:29:20.972 [redisson-netty-2-4] INFO  MasterPubSubConnectionPool - 1 connections initialized for 127.0.0.1/127.0.0.1:16379
24-04-06.01:29:20.995 [redisson-netty-2-13] INFO  MasterConnectionPool   - 5 connections initialized for 127.0.0.1/127.0.0.1:16379
24-04-06.01:29:23.676 [main            ] INFO  EndpointLinksResolver  - Exposing 1 endpoint(s) beneath base path '/actuator'
24-04-06.01:29:23.755 [main            ] INFO  LogicChainTest         - Started LogicChainTest in 7.57 seconds (JVM running for 8.924)
24-04-06.01:29:24.282 [main            ] INFO  HikariDataSource       - HikariPool-1 - Starting...
24-04-06.01:29:24.851 [main            ] INFO  HikariDataSource       - HikariPool-1 - Start completed.
24-04-06.01:29:25.223 [main            ] INFO  LogicChainTest         - 测试结果：true
24-04-06.01:29:25.241 [main            ] INFO  LogicChainTest         - 测试结果：true
24-04-06.01:29:25.255 [main            ] INFO  LogicChainTest         - 测试结果：true
24-04-06.01:29:25.269 [main            ] INFO  DefaultLogicChain      - 抽奖责任链-默认处理 userId: user001 strategyId: 100003 ruleModel: default awardId: 108
24-04-06.01:29:25.269 [main            ] INFO  LogicChainTest         - 测试结果：108
24-04-06.01:29:25.313 [SpringApplicationShutdownHook] INFO  HikariDataSource       - HikariPool-1 - Shutdown initiated...
24-04-06.01:29:25.326 [SpringApplicationShutdownHook] INFO  HikariDataSource       - HikariPool-1 - Shutdown completed.
24-04-06.01:30:39.806 [main            ] INFO  LogicChainTest         - Starting LogicChainTest using Java 1.8.0_402 on DESKTOP-R4OTSS8 with PID 9676 (started by heng in C:\Users\heng\Desktop\backend\proj\big-market-9468-Henry\big-market-9468-Henry-app)
24-04-06.01:30:39.807 [main            ] INFO  LogicChainTest         - The following 1 profile is active: "dev"
24-04-06.01:30:40.735 [main            ] INFO  RepositoryConfigurationDelegate - Multiple Spring Data modules found, entering strict repository configuration mode
24-04-06.01:30:40.740 [main            ] INFO  RepositoryConfigurationDelegate - Bootstrapping Spring Data Redis repositories in DEFAULT mode.
24-04-06.01:30:40.784 [main            ] INFO  RepositoryConfigurationDelegate - Finished Spring Data repository scanning in 25 ms. Found 0 Redis repository interfaces.
24-04-06.01:30:42.401 [main            ] INFO  Version                - Redisson 3.23.4
24-04-06.01:30:43.011 [redisson-netty-2-4] INFO  MasterPubSubConnectionPool - 1 connections initialized for 127.0.0.1/127.0.0.1:16379
24-04-06.01:30:43.029 [redisson-netty-2-13] INFO  MasterConnectionPool   - 5 connections initialized for 127.0.0.1/127.0.0.1:16379
24-04-06.01:30:45.312 [main            ] INFO  EndpointLinksResolver  - Exposing 1 endpoint(s) beneath base path '/actuator'
24-04-06.01:30:45.392 [main            ] INFO  LogicChainTest         - Started LogicChainTest in 6.062 seconds (JVM running for 7.093)
24-04-06.01:30:46.060 [main            ] INFO  HikariDataSource       - HikariPool-1 - Starting...
24-04-06.01:30:46.391 [main            ] INFO  HikariDataSource       - HikariPool-1 - Start completed.
24-04-06.01:30:46.483 [main            ] INFO  LogicChainTest         - 测试结果：true
24-04-06.01:30:46.490 [main            ] INFO  LogicChainTest         - 测试结果：true
24-04-06.01:30:46.495 [main            ] INFO  LogicChainTest         - 测试结果：true
24-04-06.01:30:46.498 [main            ] INFO  RuleWeightLogicChain   - 抽奖责任链-权重开始 userId: user001 strategyId: 100001 ruleModel: rule_weight
24-04-06.01:30:46.535 [main            ] INFO  RuleWeightLogicChain   - 抽奖责任链-权重放行 userId: user001 strategyId: 100001 ruleModel: rule_weight
24-04-06.01:30:46.539 [main            ] INFO  DefaultLogicChain      - 抽奖责任链-默认处理 userId: user001 strategyId: 100001 ruleModel: default awardId: 105
24-04-06.01:30:46.539 [main            ] INFO  LogicChainTest         - 测试结果：105
24-04-06.01:30:46.574 [SpringApplicationShutdownHook] INFO  HikariDataSource       - HikariPool-1 - Shutdown initiated...
24-04-06.01:30:46.589 [SpringApplicationShutdownHook] INFO  HikariDataSource       - HikariPool-1 - Shutdown completed.
24-04-06.01:33:42.958 [main            ] INFO  LogicChainTest         - Starting LogicChainTest using Java 1.8.0_402 on DESKTOP-R4OTSS8 with PID 34540 (started by heng in C:\Users\heng\Desktop\backend\proj\big-market-9468-Henry\big-market-9468-Henry-app)
24-04-06.01:33:42.968 [main            ] INFO  LogicChainTest         - The following 1 profile is active: "dev"
24-04-06.01:33:43.983 [main            ] INFO  RepositoryConfigurationDelegate - Multiple Spring Data modules found, entering strict repository configuration mode
24-04-06.01:33:43.987 [main            ] INFO  RepositoryConfigurationDelegate - Bootstrapping Spring Data Redis repositories in DEFAULT mode.
24-04-06.01:33:44.037 [main            ] INFO  RepositoryConfigurationDelegate - Finished Spring Data repository scanning in 29 ms. Found 0 Redis repository interfaces.
24-04-06.01:33:46.282 [main            ] INFO  Version                - Redisson 3.23.4
24-04-06.01:33:47.018 [redisson-netty-2-4] INFO  MasterPubSubConnectionPool - 1 connections initialized for 127.0.0.1/127.0.0.1:16379
24-04-06.01:33:47.047 [redisson-netty-2-13] INFO  MasterConnectionPool   - 5 connections initialized for 127.0.0.1/127.0.0.1:16379
24-04-06.01:33:49.613 [main            ] INFO  EndpointLinksResolver  - Exposing 1 endpoint(s) beneath base path '/actuator'
24-04-06.01:33:49.715 [main            ] INFO  LogicChainTest         - Started LogicChainTest in 7.282 seconds (JVM running for 8.434)
24-04-06.01:33:50.386 [main            ] INFO  HikariDataSource       - HikariPool-1 - Starting...
24-04-06.01:33:50.750 [main            ] INFO  HikariDataSource       - HikariPool-1 - Start completed.
24-04-06.01:33:50.825 [main            ] INFO  LogicChainTest         - 测试结果：true
24-04-06.01:33:50.831 [main            ] INFO  LogicChainTest         - 测试结果：true
24-04-06.01:33:50.840 [main            ] INFO  LogicChainTest         - 测试结果：true
24-04-06.01:33:50.842 [main            ] INFO  RuleWeightLogicChain   - 抽奖责任链-权重开始 userId: user001 strategyId: 100001 ruleModel: rule_weight
24-04-06.01:33:50.877 [main            ] INFO  RuleWeightLogicChain   - 抽奖责任链-权重放行 userId: user001 strategyId: 100001 ruleModel: rule_weight
24-04-06.01:33:50.881 [main            ] INFO  DefaultLogicChain      - 抽奖责任链-默认处理 userId: user001 strategyId: 100001 ruleModel: default awardId: 101
24-04-06.01:33:50.882 [main            ] INFO  LogicChainTest         - 测试结果：101
24-04-06.01:33:50.919 [SpringApplicationShutdownHook] INFO  HikariDataSource       - HikariPool-1 - Shutdown initiated...
24-04-06.01:33:50.930 [SpringApplicationShutdownHook] INFO  HikariDataSource       - HikariPool-1 - Shutdown completed.
24-04-06.01:34:12.212 [main            ] INFO  LogicChainTest         - Starting LogicChainTest using Java 1.8.0_402 on DESKTOP-R4OTSS8 with PID 3040 (started by heng in C:\Users\heng\Desktop\backend\proj\big-market-9468-Henry\big-market-9468-Henry-app)
24-04-06.01:34:12.213 [main            ] INFO  LogicChainTest         - The following 1 profile is active: "dev"
24-04-06.01:34:13.216 [main            ] INFO  RepositoryConfigurationDelegate - Multiple Spring Data modules found, entering strict repository configuration mode
24-04-06.01:34:13.220 [main            ] INFO  RepositoryConfigurationDelegate - Bootstrapping Spring Data Redis repositories in DEFAULT mode.
24-04-06.01:34:13.267 [main            ] INFO  RepositoryConfigurationDelegate - Finished Spring Data repository scanning in 27 ms. Found 0 Redis repository interfaces.
24-04-06.01:34:14.941 [main            ] INFO  Version                - Redisson 3.23.4
24-04-06.01:34:15.637 [redisson-netty-2-4] INFO  MasterPubSubConnectionPool - 1 connections initialized for 127.0.0.1/127.0.0.1:16379
24-04-06.01:34:15.663 [redisson-netty-2-13] INFO  MasterConnectionPool   - 5 connections initialized for 127.0.0.1/127.0.0.1:16379
24-04-06.01:34:17.973 [main            ] INFO  EndpointLinksResolver  - Exposing 1 endpoint(s) beneath base path '/actuator'
24-04-06.01:34:18.059 [main            ] INFO  LogicChainTest         - Started LogicChainTest in 6.333 seconds (JVM running for 7.318)
24-04-06.01:34:18.505 [main            ] INFO  HikariDataSource       - HikariPool-1 - Starting...
24-04-06.01:34:18.879 [main            ] INFO  HikariDataSource       - HikariPool-1 - Start completed.
24-04-06.01:34:19.167 [main            ] INFO  LogicChainTest         - 测试结果：true
24-04-06.01:34:19.182 [main            ] INFO  LogicChainTest         - 测试结果：true
24-04-06.01:34:19.193 [main            ] INFO  LogicChainTest         - 测试结果：true
24-04-06.01:34:19.203 [main            ] INFO  BlackListLogicChain    - 抽奖责任链-黑名单开始 userId: user001 strategyId: 100001 ruleModel: rule_blacklist
24-04-06.01:34:19.224 [main            ] INFO  BlackListLogicChain    - 抽奖责任链-黑名单接管 userId: user001 strategyId: 100001 ruleModel: rule_blacklist awardId: 100
24-04-06.01:34:19.224 [main            ] INFO  LogicChainTest         - 测试结果：100
24-04-06.01:34:19.254 [SpringApplicationShutdownHook] INFO  HikariDataSource       - HikariPool-1 - Shutdown initiated...
24-04-06.01:34:19.264 [SpringApplicationShutdownHook] INFO  HikariDataSource       - HikariPool-1 - Shutdown completed.
24-04-06.01:34:32.925 [main            ] INFO  LogicChainTest         - Starting LogicChainTest using Java 1.8.0_402 on DESKTOP-R4OTSS8 with PID 27732 (started by heng in C:\Users\heng\Desktop\backend\proj\big-market-9468-Henry\big-market-9468-Henry-app)
24-04-06.01:34:32.926 [main            ] INFO  LogicChainTest         - The following 1 profile is active: "dev"
24-04-06.01:34:34.103 [main            ] INFO  RepositoryConfigurationDelegate - Multiple Spring Data modules found, entering strict repository configuration mode
24-04-06.01:34:34.107 [main            ] INFO  RepositoryConfigurationDelegate - Bootstrapping Spring Data Redis repositories in DEFAULT mode.
24-04-06.01:34:34.163 [main            ] INFO  RepositoryConfigurationDelegate - Finished Spring Data repository scanning in 32 ms. Found 0 Redis repository interfaces.
24-04-06.01:34:36.303 [main            ] INFO  Version                - Redisson 3.23.4
24-04-06.01:34:37.112 [redisson-netty-2-4] INFO  MasterPubSubConnectionPool - 1 connections initialized for 127.0.0.1/127.0.0.1:16379
24-04-06.01:34:37.150 [redisson-netty-2-13] INFO  MasterConnectionPool   - 5 connections initialized for 127.0.0.1/127.0.0.1:16379
24-04-06.01:34:39.744 [main            ] INFO  EndpointLinksResolver  - Exposing 1 endpoint(s) beneath base path '/actuator'
24-04-06.01:34:39.842 [main            ] INFO  LogicChainTest         - Started LogicChainTest in 7.499 seconds (JVM running for 8.725)
24-04-06.01:34:40.601 [main            ] INFO  HikariDataSource       - HikariPool-1 - Starting...
24-04-06.01:34:41.042 [main            ] INFO  HikariDataSource       - HikariPool-1 - Start completed.
24-04-06.01:34:41.137 [main            ] INFO  LogicChainTest         - 测试结果：true
24-04-06.01:34:41.145 [main            ] INFO  LogicChainTest         - 测试结果：true
24-04-06.01:34:41.153 [main            ] INFO  LogicChainTest         - 测试结果：true
24-04-06.01:34:41.156 [main            ] INFO  BlackListLogicChain    - 抽奖责任链-黑名单开始 userId: xiaofuge strategyId: 100001 ruleModel: rule_blacklist
24-04-06.01:34:41.191 [main            ] INFO  BlackListLogicChain    - 抽奖责任链-黑名单放行 userId: xiaofuge strategyId: 100001 ruleModel: rule_blacklist
24-04-06.01:34:41.196 [main            ] INFO  DefaultLogicChain      - 抽奖责任链-默认处理 userId: xiaofuge strategyId: 100001 ruleModel: default awardId: 103
24-04-06.01:34:41.196 [main            ] INFO  LogicChainTest         - 测试结果：103
24-04-06.01:34:41.239 [SpringApplicationShutdownHook] INFO  HikariDataSource       - HikariPool-1 - Shutdown initiated...
24-04-06.01:34:41.253 [SpringApplicationShutdownHook] INFO  HikariDataSource       - HikariPool-1 - Shutdown completed.
24-04-06.01:35:52.781 [main            ] INFO  LogicChainTest         - Starting LogicChainTest using Java 1.8.0_402 on DESKTOP-R4OTSS8 with PID 18732 (started by heng in C:\Users\heng\Desktop\backend\proj\big-market-9468-Henry\big-market-9468-Henry-app)
24-04-06.01:35:52.789 [main            ] INFO  LogicChainTest         - The following 1 profile is active: "dev"
24-04-06.01:35:53.803 [main            ] INFO  RepositoryConfigurationDelegate - Multiple Spring Data modules found, entering strict repository configuration mode
24-04-06.01:35:53.807 [main            ] INFO  RepositoryConfigurationDelegate - Bootstrapping Spring Data Redis repositories in DEFAULT mode.
24-04-06.01:35:53.844 [main            ] INFO  RepositoryConfigurationDelegate - Finished Spring Data repository scanning in 21 ms. Found 0 Redis repository interfaces.
24-04-06.01:35:55.593 [main            ] INFO  Version                - Redisson 3.23.4
24-04-06.01:35:56.276 [redisson-netty-2-4] INFO  MasterPubSubConnectionPool - 1 connections initialized for 127.0.0.1/127.0.0.1:16379
24-04-06.01:35:56.293 [redisson-netty-2-13] INFO  MasterConnectionPool   - 5 connections initialized for 127.0.0.1/127.0.0.1:16379
24-04-06.01:35:58.582 [main            ] INFO  EndpointLinksResolver  - Exposing 1 endpoint(s) beneath base path '/actuator'
24-04-06.01:35:58.670 [main            ] INFO  LogicChainTest         - Started LogicChainTest in 6.359 seconds (JVM running for 7.403)
24-04-06.01:35:59.361 [main            ] INFO  HikariDataSource       - HikariPool-1 - Starting...
24-04-06.01:35:59.731 [main            ] INFO  HikariDataSource       - HikariPool-1 - Start completed.
24-04-06.01:35:59.823 [main            ] INFO  LogicChainTest         - 测试结果：true
24-04-06.01:35:59.829 [main            ] INFO  LogicChainTest         - 测试结果：true
24-04-06.01:35:59.834 [main            ] INFO  LogicChainTest         - 测试结果：true
24-04-06.01:35:59.842 [main            ] INFO  BlackListLogicChain    - 抽奖责任链-黑名单开始 userId: xiaofuge strategyId: 100001 ruleModel: rule_blacklist
24-04-06.01:35:59.874 [main            ] INFO  BlackListLogicChain    - 抽奖责任链-黑名单放行 userId: xiaofuge strategyId: 100001 ruleModel: rule_blacklist
24-04-06.01:35:59.878 [main            ] INFO  DefaultLogicChain      - 抽奖责任链-默认处理 userId: xiaofuge strategyId: 100001 ruleModel: default awardId: 102
24-04-06.01:35:59.878 [main            ] INFO  LogicChainTest         - 测试结果：102
24-04-06.01:35:59.916 [SpringApplicationShutdownHook] INFO  HikariDataSource       - HikariPool-1 - Shutdown initiated...
24-04-06.01:35:59.934 [SpringApplicationShutdownHook] INFO  HikariDataSource       - HikariPool-1 - Shutdown completed.
24-04-06.01:36:35.675 [main            ] INFO  LogicChainTest         - Starting LogicChainTest using Java 1.8.0_402 on DESKTOP-R4OTSS8 with PID 27192 (started by heng in C:\Users\heng\Desktop\backend\proj\big-market-9468-Henry\big-market-9468-Henry-app)
24-04-06.01:36:35.677 [main            ] INFO  LogicChainTest         - The following 1 profile is active: "dev"
24-04-06.01:36:36.725 [main            ] INFO  RepositoryConfigurationDelegate - Multiple Spring Data modules found, entering strict repository configuration mode
24-04-06.01:36:36.738 [main            ] INFO  RepositoryConfigurationDelegate - Bootstrapping Spring Data Redis repositories in DEFAULT mode.
24-04-06.01:36:36.785 [main            ] INFO  RepositoryConfigurationDelegate - Finished Spring Data repository scanning in 29 ms. Found 0 Redis repository interfaces.
24-04-06.01:36:38.609 [main            ] INFO  Version                - Redisson 3.23.4
24-04-06.01:36:39.309 [redisson-netty-2-4] INFO  MasterPubSubConnectionPool - 1 connections initialized for 127.0.0.1/127.0.0.1:16379
24-04-06.01:36:39.331 [redisson-netty-2-13] INFO  MasterConnectionPool   - 5 connections initialized for 127.0.0.1/127.0.0.1:16379
24-04-06.01:36:41.661 [main            ] INFO  EndpointLinksResolver  - Exposing 1 endpoint(s) beneath base path '/actuator'
24-04-06.01:36:41.745 [main            ] INFO  LogicChainTest         - Started LogicChainTest in 6.562 seconds (JVM running for 7.691)
24-04-06.01:36:42.176 [main            ] INFO  HikariDataSource       - HikariPool-1 - Starting...
24-04-06.01:36:42.499 [main            ] INFO  HikariDataSource       - HikariPool-1 - Start completed.
24-04-06.01:36:42.790 [main            ] INFO  LogicChainTest         - 测试结果：true
24-04-06.01:36:42.805 [main            ] INFO  LogicChainTest         - 测试结果：true
24-04-06.01:36:42.816 [main            ] INFO  LogicChainTest         - 测试结果：true
24-04-06.01:36:42.826 [main            ] INFO  BlackListLogicChain    - 抽奖责任链-黑名单开始 userId: xiaofuge strategyId: 100001 ruleModel: rule_blacklist
24-04-06.01:36:42.849 [main            ] INFO  BlackListLogicChain    - 抽奖责任链-黑名单放行 userId: xiaofuge strategyId: 100001 ruleModel: rule_blacklist
24-04-06.01:36:42.852 [main            ] INFO  DefaultLogicChain      - 抽奖责任链-默认处理 userId: xiaofuge strategyId: 100001 ruleModel: default awardId: 102
24-04-06.01:36:42.852 [main            ] INFO  LogicChainTest         - 测试结果：102
24-04-06.01:36:42.885 [SpringApplicationShutdownHook] INFO  HikariDataSource       - HikariPool-1 - Shutdown initiated...
24-04-06.01:36:42.895 [SpringApplicationShutdownHook] INFO  HikariDataSource       - HikariPool-1 - Shutdown completed.
24-04-06.01:40:24.555 [main            ] INFO  LogicChainTest         - Starting LogicChainTest using Java 1.8.0_402 on DESKTOP-R4OTSS8 with PID 31300 (started by heng in C:\Users\heng\Desktop\backend\proj\big-market-9468-Henry\big-market-9468-Henry-app)
24-04-06.01:40:24.556 [main            ] INFO  LogicChainTest         - The following 1 profile is active: "dev"
24-04-06.01:40:25.677 [main            ] INFO  RepositoryConfigurationDelegate - Multiple Spring Data modules found, entering strict repository configuration mode
24-04-06.01:40:25.681 [main            ] INFO  RepositoryConfigurationDelegate - Bootstrapping Spring Data Redis repositories in DEFAULT mode.
24-04-06.01:40:25.724 [main            ] INFO  RepositoryConfigurationDelegate - Finished Spring Data repository scanning in 28 ms. Found 0 Redis repository interfaces.
24-04-06.01:40:27.473 [main            ] INFO  Version                - Redisson 3.23.4
24-04-06.01:40:28.183 [redisson-netty-2-5] INFO  MasterPubSubConnectionPool - 1 connections initialized for 127.0.0.1/127.0.0.1:16379
24-04-06.01:40:28.211 [redisson-netty-2-13] INFO  MasterConnectionPool   - 5 connections initialized for 127.0.0.1/127.0.0.1:16379
24-04-06.01:40:30.454 [main            ] INFO  EndpointLinksResolver  - Exposing 1 endpoint(s) beneath base path '/actuator'
24-04-06.01:40:30.544 [main            ] INFO  LogicChainTest         - Started LogicChainTest in 6.526 seconds (JVM running for 7.612)
24-04-06.01:40:31.197 [main            ] INFO  HikariDataSource       - HikariPool-1 - Starting...
24-04-06.01:40:31.561 [main            ] INFO  HikariDataSource       - HikariPool-1 - Start completed.
24-04-06.01:40:31.635 [main            ] INFO  LogicChainTest         - 测试结果：true
24-04-06.01:40:31.644 [main            ] INFO  LogicChainTest         - 测试结果：true
24-04-06.01:40:31.649 [main            ] INFO  LogicChainTest         - 测试结果：true
24-04-06.01:40:31.653 [main            ] INFO  BlackListLogicChain    - 抽奖责任链-黑名单开始 userId: xiaofuge strategyId: 100001 ruleModel: rule_blacklist
24-04-06.01:40:31.687 [main            ] INFO  BlackListLogicChain    - 抽奖责任链-黑名单放行 userId: xiaofuge strategyId: 100001 ruleModel: rule_blacklist
24-04-06.01:40:31.691 [main            ] INFO  DefaultLogicChain      - 抽奖责任链-默认处理 userId: xiaofuge strategyId: 100001 ruleModel: default awardId: 104
24-04-06.01:40:31.691 [main            ] INFO  LogicChainTest         - 测试结果：104
24-04-06.01:40:31.733 [SpringApplicationShutdownHook] INFO  HikariDataSource       - HikariPool-1 - Shutdown initiated...
24-04-06.01:40:31.745 [SpringApplicationShutdownHook] INFO  HikariDataSource       - HikariPool-1 - Shutdown completed.
24-04-06.01:42:45.781 [main            ] INFO  RaffleStrategyTest     - Starting RaffleStrategyTest using Java 1.8.0_402 on DESKTOP-R4OTSS8 with PID 13400 (started by heng in C:\Users\heng\Desktop\backend\proj\big-market-9468-Henry\big-market-9468-Henry-app)
24-04-06.01:42:45.783 [main            ] INFO  RaffleStrategyTest     - The following 1 profile is active: "dev"
24-04-06.01:42:46.842 [main            ] INFO  RepositoryConfigurationDelegate - Multiple Spring Data modules found, entering strict repository configuration mode
24-04-06.01:42:46.846 [main            ] INFO  RepositoryConfigurationDelegate - Bootstrapping Spring Data Redis repositories in DEFAULT mode.
24-04-06.01:42:46.889 [main            ] INFO  RepositoryConfigurationDelegate - Finished Spring Data repository scanning in 24 ms. Found 0 Redis repository interfaces.
24-04-06.01:42:48.812 [main            ] INFO  Version                - Redisson 3.23.4
24-04-06.01:42:49.525 [redisson-netty-2-4] INFO  MasterPubSubConnectionPool - 1 connections initialized for 127.0.0.1/127.0.0.1:16379
24-04-06.01:42:49.557 [redisson-netty-2-13] INFO  MasterConnectionPool   - 5 connections initialized for 127.0.0.1/127.0.0.1:16379
24-04-06.01:42:51.779 [main            ] INFO  EndpointLinksResolver  - Exposing 1 endpoint(s) beneath base path '/actuator'
24-04-06.01:42:51.859 [main            ] INFO  RaffleStrategyTest     - Started RaffleStrategyTest in 6.62 seconds (JVM running for 7.797)
24-04-06.01:42:52.528 [main            ] INFO  HikariDataSource       - HikariPool-1 - Starting...
24-04-06.01:42:52.877 [main            ] INFO  HikariDataSource       - HikariPool-1 - Start completed.
24-04-06.01:42:52.985 [main            ] INFO  RaffleStrategyTest     - 测试结果：true
24-04-06.01:42:52.994 [main            ] INFO  RaffleStrategyTest     - 测试结果：true
24-04-06.01:42:53.008 [main            ] INFO  RaffleStrategyTest     - 测试结果：true
24-04-06.01:42:53.015 [main            ] INFO  BlackListLogicChain    - 抽奖责任链-黑名单开始 userId: xiaofuge strategyId: 100001 ruleModel: rule_blacklist
24-04-06.01:42:53.051 [main            ] INFO  BlackListLogicChain    - 抽奖责任链-黑名单放行 userId: xiaofuge strategyId: 100001 ruleModel: rule_blacklist
24-04-06.01:42:53.055 [main            ] INFO  DefaultLogicChain      - 抽奖责任链-默认处理 userId: xiaofuge strategyId: 100001 ruleModel: default awardId: 105
24-04-06.01:42:53.302 [main            ] INFO  RaffleStrategyTest     - 请求参数：{"strategyId":100001,"userId":"xiaofuge"}
24-04-06.01:42:53.306 [main            ] INFO  RaffleStrategyTest     - 测试结果：{"awardId":105}
24-04-06.01:42:53.346 [SpringApplicationShutdownHook] INFO  HikariDataSource       - HikariPool-1 - Shutdown initiated...
24-04-06.01:42:53.358 [SpringApplicationShutdownHook] INFO  HikariDataSource       - HikariPool-1 - Shutdown completed.
24-04-06.01:45:39.720 [main            ] INFO  LogicChainTest         - Starting LogicChainTest using Java 1.8.0_402 on DESKTOP-R4OTSS8 with PID 32520 (started by heng in C:\Users\heng\Desktop\backend\proj\big-market-9468-Henry\big-market-9468-Henry-app)
24-04-06.01:45:39.722 [main            ] INFO  LogicChainTest         - The following 1 profile is active: "dev"
24-04-06.01:45:40.812 [main            ] INFO  RepositoryConfigurationDelegate - Multiple Spring Data modules found, entering strict repository configuration mode
24-04-06.01:45:40.816 [main            ] INFO  RepositoryConfigurationDelegate - Bootstrapping Spring Data Redis repositories in DEFAULT mode.
24-04-06.01:45:40.858 [main            ] INFO  RepositoryConfigurationDelegate - Finished Spring Data repository scanning in 24 ms. Found 0 Redis repository interfaces.
24-04-06.01:45:42.645 [main            ] INFO  Version                - Redisson 3.23.4
24-04-06.01:45:43.371 [redisson-netty-2-4] INFO  MasterPubSubConnectionPool - 1 connections initialized for 127.0.0.1/127.0.0.1:16379
24-04-06.01:45:43.390 [redisson-netty-2-13] INFO  MasterConnectionPool   - 5 connections initialized for 127.0.0.1/127.0.0.1:16379
24-04-06.01:45:46.032 [main            ] INFO  EndpointLinksResolver  - Exposing 1 endpoint(s) beneath base path '/actuator'
24-04-06.01:45:46.122 [main            ] INFO  LogicChainTest         - Started LogicChainTest in 6.977 seconds (JVM running for 8.923)
24-04-06.01:45:46.865 [main            ] INFO  HikariDataSource       - HikariPool-1 - Starting...
24-04-06.01:45:47.256 [main            ] INFO  HikariDataSource       - HikariPool-1 - Start completed.
24-04-06.01:45:47.336 [main            ] INFO  LogicChainTest         - 测试结果：true
24-04-06.01:45:47.345 [main            ] INFO  LogicChainTest         - 测试结果：true
24-04-06.01:45:47.350 [main            ] INFO  LogicChainTest         - 测试结果：true
24-04-06.01:46:39.082 [HikariPool-1 housekeeper] WARN  HikariPool             - HikariPool-1 - Thread starvation or clock leap detected (housekeeper delta=45s295ms431µs800ns).
24-04-06.01:47:48.237 [main            ] INFO  BlackListLogicChain    - 抽奖责任链-黑名单开始 userId: xiaofuge strategyId: 100001 ruleModel: rule_blacklist
24-04-06.01:47:48.237 [HikariPool-1 housekeeper] WARN  HikariPool             - HikariPool-1 - Thread starvation or clock leap detected (housekeeper delta=1m10s454ms911µs100ns).
24-04-06.01:47:48.281 [main            ] INFO  BlackListLogicChain    - 抽奖责任链-黑名单放行 userId: xiaofuge strategyId: 100001 ruleModel: rule_blacklist
24-04-06.01:47:48.286 [main            ] INFO  DefaultLogicChain      - 抽奖责任链-默认处理 userId: xiaofuge strategyId: 100001 ruleModel: default awardId: 101
24-04-06.01:47:48.287 [main            ] INFO  LogicChainTest         - 测试结果：101
24-04-06.01:47:48.346 [SpringApplicationShutdownHook] INFO  HikariDataSource       - HikariPool-1 - Shutdown initiated...
24-04-06.01:47:48.357 [SpringApplicationShutdownHook] INFO  HikariDataSource       - HikariPool-1 - Shutdown completed.
24-04-06.01:48:01.995 [main            ] INFO  LogicChainTest         - Starting LogicChainTest using Java 1.8.0_402 on DESKTOP-R4OTSS8 with PID 22380 (started by heng in C:\Users\heng\Desktop\backend\proj\big-market-9468-Henry\big-market-9468-Henry-app)
24-04-06.01:48:01.996 [main            ] INFO  LogicChainTest         - The following 1 profile is active: "dev"
24-04-06.01:48:03.108 [main            ] INFO  RepositoryConfigurationDelegate - Multiple Spring Data modules found, entering strict repository configuration mode
24-04-06.01:48:03.112 [main            ] INFO  RepositoryConfigurationDelegate - Bootstrapping Spring Data Redis repositories in DEFAULT mode.
24-04-06.01:48:03.154 [main            ] INFO  RepositoryConfigurationDelegate - Finished Spring Data repository scanning in 25 ms. Found 0 Redis repository interfaces.
24-04-06.01:48:04.868 [main            ] INFO  Version                - Redisson 3.23.4
24-04-06.01:48:05.516 [redisson-netty-2-5] INFO  MasterPubSubConnectionPool - 1 connections initialized for 127.0.0.1/127.0.0.1:16379
24-04-06.01:48:05.536 [redisson-netty-2-13] INFO  MasterConnectionPool   - 5 connections initialized for 127.0.0.1/127.0.0.1:16379
24-04-06.01:48:08.065 [main            ] INFO  EndpointLinksResolver  - Exposing 1 endpoint(s) beneath base path '/actuator'
24-04-06.01:48:08.155 [main            ] INFO  LogicChainTest         - Started LogicChainTest in 6.712 seconds (JVM running for 8.192)
24-04-06.01:48:08.954 [main            ] INFO  HikariDataSource       - HikariPool-1 - Starting...
24-04-06.01:48:09.428 [main            ] INFO  HikariDataSource       - HikariPool-1 - Start completed.
24-04-06.01:48:09.527 [main            ] INFO  LogicChainTest         - 测试结果：true
24-04-06.01:48:09.533 [main            ] INFO  LogicChainTest         - 测试结果：true
24-04-06.01:48:09.539 [main            ] INFO  LogicChainTest         - 测试结果：true
24-04-06.01:48:27.276 [HikariPool-1 housekeeper] WARN  HikariPool             - HikariPool-1 - Thread starvation or clock leap detected (housekeeper delta=47s847ms421µs700ns).
24-04-06.01:50:10.419 [HikariPool-1 housekeeper] WARN  HikariPool             - HikariPool-1 - Thread starvation or clock leap detected (housekeeper delta=1m12s989ms826µs500ns).
24-04-06.01:51:30.943 [HikariPool-1 housekeeper] WARN  HikariPool             - HikariPool-1 - Thread starvation or clock leap detected (housekeeper delta=1m50s676ms588µs700ns).
24-04-06.01:54:28.541 [main            ] INFO  BlackListLogicChain    - 抽奖责任链-黑名单开始 userId: xiaofuge strategyId: 100001 ruleModel: rule_blacklist
24-04-06.01:54:28.542 [HikariPool-1 housekeeper] WARN  HikariPool             - HikariPool-1 - Thread starvation or clock leap detected (housekeeper delta=2m57s600ms528µs700ns).
24-04-06.01:54:28.611 [main            ] INFO  BlackListLogicChain    - 抽奖责任链-黑名单放行 userId: xiaofuge strategyId: 100001 ruleModel: rule_blacklist
24-04-06.01:54:28.618 [main            ] INFO  DefaultLogicChain      - 抽奖责任链-默认处理 userId: xiaofuge strategyId: 100001 ruleModel: default awardId: 104
24-04-06.01:54:28.618 [main            ] INFO  LogicChainTest         - 测试结果：104
24-04-06.01:54:28.678 [SpringApplicationShutdownHook] INFO  HikariDataSource       - HikariPool-1 - Shutdown initiated...
24-04-06.01:54:28.689 [SpringApplicationShutdownHook] INFO  HikariDataSource       - HikariPool-1 - Shutdown completed.
24-04-06.01:56:45.565 [main            ] INFO  RaffleStrategyTest     - Starting RaffleStrategyTest using Java 1.8.0_402 on DESKTOP-R4OTSS8 with PID 12088 (started by heng in C:\Users\heng\Desktop\backend\proj\big-market-9468-Henry\big-market-9468-Henry-app)
24-04-06.01:56:45.568 [main            ] INFO  RaffleStrategyTest     - The following 1 profile is active: "dev"
24-04-06.01:56:47.582 [main            ] INFO  RepositoryConfigurationDelegate - Multiple Spring Data modules found, entering strict repository configuration mode
24-04-06.01:56:47.591 [main            ] INFO  RepositoryConfigurationDelegate - Bootstrapping Spring Data Redis repositories in DEFAULT mode.
24-04-06.01:56:47.674 [main            ] INFO  RepositoryConfigurationDelegate - Finished Spring Data repository scanning in 46 ms. Found 0 Redis repository interfaces.
24-04-06.01:56:51.032 [main            ] INFO  Version                - Redisson 3.23.4
24-04-06.01:56:52.371 [redisson-netty-2-4] INFO  MasterPubSubConnectionPool - 1 connections initialized for 127.0.0.1/127.0.0.1:16379
24-04-06.01:56:52.406 [redisson-netty-2-13] INFO  MasterConnectionPool   - 5 connections initialized for 127.0.0.1/127.0.0.1:16379
24-04-06.01:56:56.481 [main            ] INFO  EndpointLinksResolver  - Exposing 1 endpoint(s) beneath base path '/actuator'
24-04-06.01:56:56.622 [main            ] INFO  RaffleStrategyTest     - Started RaffleStrategyTest in 11.958 seconds (JVM running for 13.871)
24-04-06.01:56:57.823 [main            ] INFO  HikariDataSource       - HikariPool-1 - Starting...
24-04-06.01:56:58.591 [main            ] INFO  HikariDataSource       - HikariPool-1 - Start completed.
24-04-06.01:56:58.759 [main            ] INFO  RaffleStrategyTest     - 测试结果：true
24-04-06.01:56:58.776 [main            ] INFO  RaffleStrategyTest     - 测试结果：true
24-04-06.01:56:58.786 [main            ] INFO  RaffleStrategyTest     - 测试结果：true
24-04-06.01:56:58.796 [main            ] INFO  BlackListLogicChain    - 抽奖责任链-黑名单开始 userId: user003 strategyId: 100001 ruleModel: rule_blacklist
24-04-06.01:56:58.845 [main            ] INFO  BlackListLogicChain    - 抽奖责任链-黑名单接管 userId: user003 strategyId: 100001 ruleModel: rule_blacklist awardId: 100
24-04-06.01:56:59.030 [main            ] INFO  RaffleStrategyTest     - 测试结果：true
24-04-06.01:56:59.049 [main            ] INFO  RaffleStrategyTest     - 测试结果：true
24-04-06.01:56:59.063 [main            ] INFO  RaffleStrategyTest     - 测试结果：true
24-04-06.01:56:59.077 [main            ] INFO  DefaultLogicChain      - 抽奖责任链-默认处理 userId: xiaofuge strategyId: 100003 ruleModel: default awardId: 107
24-04-06.01:56:59.082 [main            ] INFO  RuleLockLogicFilter    - 规则过滤-次数锁 userId:xiaofuge strategyId:100003 ruleModel:rule_lock
24-04-06.01:56:59.091 [main            ] INFO  DefaultRaffleStrategy  - 抽奖中规则过滤 userId: xiaofuge ruleModel: rule_lock code: 0000 info: 放行；执行后续的流程，不受规则引擎影响
24-04-06.01:56:59.448 [main            ] INFO  RaffleStrategyTest     - 请求参数：{"strategyId":100003,"userId":"xiaofuge"}
24-04-06.01:56:59.454 [main            ] INFO  RaffleStrategyTest     - 测试结果：{"awardId":107}
24-04-06.01:56:59.577 [main            ] INFO  RaffleStrategyTest     - 测试结果：true
24-04-06.01:56:59.586 [main            ] INFO  RaffleStrategyTest     - 测试结果：true
24-04-06.01:56:59.596 [main            ] INFO  RaffleStrategyTest     - 测试结果：true
24-04-06.01:56:59.599 [main            ] INFO  BlackListLogicChain    - 抽奖责任链-黑名单开始 userId: xiaofuge strategyId: 100001 ruleModel: rule_blacklist
24-04-06.01:56:59.604 [main            ] INFO  BlackListLogicChain    - 抽奖责任链-黑名单放行 userId: xiaofuge strategyId: 100001 ruleModel: rule_blacklist
24-04-06.01:56:59.604 [main            ] INFO  RuleWeightLogicChain   - 抽奖责任链-权重开始 userId: xiaofuge strategyId: 100001 ruleModel: rule_weight
24-04-06.01:56:59.614 [main            ] INFO  RuleWeightLogicChain   - 抽奖责任链-权重接管 userId: xiaofuge strategyId: 100001 ruleModel: rule_weight awardId: 106
24-04-06.01:56:59.617 [main            ] INFO  RaffleStrategyTest     - 请求参数：{"strategyId":100001,"userId":"xiaofuge"}
24-04-06.01:56:59.617 [main            ] INFO  RaffleStrategyTest     - 测试结果：{"awardId":106}
24-04-06.01:56:59.681 [SpringApplicationShutdownHook] INFO  HikariDataSource       - HikariPool-1 - Shutdown initiated...
24-04-06.01:56:59.705 [SpringApplicationShutdownHook] INFO  HikariDataSource       - HikariPool-1 - Shutdown completed.
